2026-05-31 13:00:44,773 [INFO] app [setup_logging:39]: Logging initialized (file=crm.log, debug=False)
2026-05-31 13:00:45,524 [INFO] app [setup_logging:39]: Logging initialized (file=crm.log, debug=False)
2026-05-31 13:00:53,768 [INFO] app [setup_logging:39]: Logging initialized (file=crm.log, debug=False)
2026-05-31 13:00:54,440 [INFO] app [setup_logging:39]: Logging initialized (file=crm.log, debug=False)
2026-05-31 13:01:17,582 [INFO] app [setup_logging:39]: Logging initialized (file=crm.log, debug=False)
2026-05-31 13:01:18,257 [INFO] app [setup_logging:39]: Logging initialized (file=crm.log, debug=False)
2026-05-31 13:01:21,994 [INFO] app [setup_logging:39]: Logging initialized (file=crm.log, debug=False)
2026-05-31 13:01:22,166 [INFO] app [log_request:36]: POST /login → 302
2026-05-31 13:01:22,219 [INFO] app [log_request:36]: GET / → 200
2026-05-31 13:01:22,230 [INFO] app [log_request:36]: POST /api/facturas → 201
2026-05-31 13:01:22,235 [INFO] app [log_request:36]: GET /api/facturas/INV-FAC-0012 → 200
2026-05-31 13:01:22,243 [INFO] app [log_request:36]: POST /login → 302
2026-05-31 13:01:22,247 [INFO] app [log_request:36]: GET / → 200
2026-05-31 13:01:22,260 [INFO] app [log_request:36]: POST /api/facturas → 201
2026-05-31 13:01:22,265 [INFO] app [log_request:36]: GET /api/facturas/INV-FAC-0013 → 200
2026-05-31 13:01:22,275 [INFO] app [log_request:36]: POST /login → 302
2026-05-31 13:01:22,278 [INFO] app [log_request:36]: GET / → 200
2026-05-31 13:01:22,294 [INFO] app [log_request:36]: POST /api/facturas → 201
2026-05-31 13:01:22,299 [INFO] app [log_request:36]: GET /api/facturas/INV-FAC-0014 → 200
2026-05-31 13:01:22,310 [INFO] app [log_request:36]: POST /login → 302
2026-05-31 13:01:22,313 [INFO] app [log_request:36]: GET / → 200
2026-05-31 13:01:22,318 [INFO] app [log_request:36]: POST /api/facturas → 400
2026-05-31 13:01:22,326 [INFO] app [log_request:36]: POST /login → 302
2026-05-31 13:01:22,329 [INFO] app [log_request:36]: GET / → 200
2026-05-31 13:01:22,341 [INFO] app [log_request:36]: POST /api/facturas → 201
2026-05-31 13:01:22,347 [INFO] app [log_request:36]: POST /api/facturas/INV-FAC-0015/emitir → 200
2026-05-31 13:01:22,353 [INFO] app [log_request:36]: GET /api/facturas/INV-FAC-0015 → 200
2026-05-31 13:01:22,360 [INFO] app [log_request:36]: POST /login → 302
2026-05-31 13:01:22,364 [INFO] app [log_request:36]: GET / → 200
2026-05-31 13:01:22,376 [INFO] app [log_request:36]: POST /api/facturas → 201
2026-05-31 13:01:22,380 [INFO] app [log_request:36]: POST /api/facturas/INV-FAC-0016/emitir → 200
2026-05-31 13:01:22,389 [INFO] app [log_request:36]: POST /api/facturas/INV-FAC-0016/pagar → 200
2026-05-31 13:01:22,395 [INFO] app [log_request:36]: GET /api/facturas/INV-FAC-0016 → 200
2026-05-31 13:01:22,406 [INFO] app [log_request:36]: POST /login → 302
2026-05-31 13:01:22,410 [INFO] app [log_request:36]: GET / → 200
2026-05-31 13:01:22,427 [INFO] app [log_request:36]: POST /api/facturas → 201
2026-05-31 13:01:22,432 [INFO] app [log_request:36]: DELETE /api/facturas/INV-FAC-0017 → 200
2026-05-31 13:01:22,440 [INFO] app [log_request:36]: GET /api/facturas/INV-FAC-0017 → 200
2026-05-31 13:01:22,448 [INFO] app [log_request:36]: POST /login → 302
2026-05-31 13:01:22,455 [INFO] app [log_request:36]: GET / → 200
2026-05-31 13:01:22,471 [INFO] app [log_request:36]: POST /api/facturas → 201
2026-05-31 13:01:22,558 [INFO] app [log_request:36]: GET /api/facturas/INV-FAC-0018/pdf → 200
2026-05-31 13:01:22,566 [INFO] app [log_request:36]: POST /login → 302
2026-05-31 13:01:22,571 [INFO] app [log_request:36]: GET / → 200
2026-05-31 13:01:22,586 [INFO] app [log_request:36]: POST /api/facturas → 201
2026-05-31 13:01:22,593 [INFO] app [log_request:36]: GET /api/facturas/INV-FAC-0019 → 200
2026-05-31 13:01:22,642 [INFO] app [log_request:36]: GET /factura/INV-FAC-0016 → 404
2026-05-31 13:02:09,920 [INFO] app [setup_logging:39]: Logging initialized (file=crm.log, debug=False)
2026-05-31 13:02:10,565 [INFO] app [setup_logging:39]: Logging initialized (file=crm.log, debug=False)
2026-05-31 13:02:12,891 [INFO] app [setup_logging:39]: Logging initialized (file=crm.log, debug=False)
2026-05-31 13:02:13,887 [INFO] app [log_request:36]: GET /api/health → 503
2026-05-31 13:02:24,125 [INFO] app [setup_logging:39]: Logging initialized (file=crm.log, debug=False)
2026-05-31 13:02:24,852 [INFO] app [setup_logging:39]: Logging initialized (file=crm.log, debug=False)
2026-05-31 13:02:30,206 [INFO] app [setup_logging:39]: Logging initialized (file=crm.log, debug=False)
2026-05-31 13:02:30,671 [INFO] app [setup_logging:39]: Logging initialized (file=crm.log, debug=False)
2026-05-31 13:02:35,234 [INFO] app [setup_logging:39]: Logging initialized (file=crm.log, debug=False)
2026-05-31 13:02:36,251 [INFO] app [setup_logging:39]: Logging initialized (file=crm.log, debug=False)
2026-05-31 13:02:38,205 [INFO] app [setup_logging:39]: Logging initialized (file=crm.log, debug=False)
2026-05-31 13:02:38,988 [INFO] app [log_request:36]: GET /api/health → 200
2026-05-31 13:02:50,211 [INFO] app [setup_logging:39]: Logging initialized (file=crm.log, debug=False)
2026-05-31 13:02:50,386 [INFO] app [log_request:36]: POST /login → 302
2026-05-31 13:02:50,442 [INFO] app [log_request:36]: GET / → 200
2026-05-31 13:02:50,454 [INFO] app [log_request:36]: POST /api/facturas → 201
2026-05-31 13:02:50,459 [INFO] app [log_request:36]: GET /api/facturas/INV-FAC-0012 → 200
2026-05-31 13:02:50,467 [INFO] app [log_request:36]: POST /login → 302
2026-05-31 13:02:50,471 [INFO] app [log_request:36]: GET / → 200
2026-05-31 13:02:50,484 [INFO] app [log_request:36]: POST /api/facturas → 201
2026-05-31 13:02:50,489 [INFO] app [log_request:36]: GET /api/facturas/INV-FAC-0013 → 200
2026-05-31 13:02:50,496 [INFO] app [log_request:36]: POST /login → 302
2026-05-31 13:02:50,500 [INFO] app [log_request:36]: GET / → 200
2026-05-31 13:02:50,515 [INFO] app [log_request:36]: POST /api/facturas → 201
2026-05-31 13:02:50,529 [INFO] app [log_request:36]: GET /api/facturas/INV-FAC-0014 → 200
2026-05-31 13:02:50,540 [INFO] app [log_request:36]: POST /login → 302
2026-05-31 13:02:50,543 [INFO] app [log_request:36]: GET / → 200
2026-05-31 13:02:50,548 [INFO] app [log_request:36]: POST /api/facturas → 400
2026-05-31 13:02:50,557 [INFO] app [log_request:36]: POST /login → 302
2026-05-31 13:02:50,561 [INFO] app [log_request:36]: GET / → 200
2026-05-31 13:02:50,574 [INFO] app [log_request:36]: POST /api/facturas → 201
2026-05-31 13:02:50,579 [INFO] app [log_request:36]: POST /api/facturas/INV-FAC-0015/emitir → 200
2026-05-31 13:02:50,586 [INFO] app [log_request:36]: GET /api/facturas/INV-FAC-0015 → 200
2026-05-31 13:02:50,593 [INFO] app [log_request:36]: POST /login → 302
2026-05-31 13:02:50,597 [INFO] app [log_request:36]: GET / → 200
2026-05-31 13:02:50,611 [INFO] app [log_request:36]: POST /api/facturas → 201
2026-05-31 13:02:50,616 [INFO] app [log_request:36]: POST /api/facturas/INV-FAC-0016/emitir → 200
2026-05-31 13:02:50,625 [INFO] app [log_request:36]: POST /api/facturas/INV-FAC-0016/pagar → 200
2026-05-31 13:02:50,632 [INFO] app [log_request:36]: GET /api/facturas/INV-FAC-0016 → 200
2026-05-31 13:02:50,641 [INFO] app [log_request:36]: POST /login → 302
2026-05-31 13:02:50,645 [INFO] app [log_request:36]: GET / → 200
2026-05-31 13:02:50,661 [INFO] app [log_request:36]: POST /api/facturas → 201
2026-05-31 13:02:50,667 [INFO] app [log_request:36]: DELETE /api/facturas/INV-FAC-0017 → 200
2026-05-31 13:02:50,673 [INFO] app [log_request:36]: GET /api/facturas/INV-FAC-0017 → 200
2026-05-31 13:02:50,681 [INFO] app [log_request:36]: POST /login → 302
2026-05-31 13:02:50,687 [INFO] app [log_request:36]: GET / → 200
2026-05-31 13:02:50,702 [INFO] app [log_request:36]: POST /api/facturas → 201
2026-05-31 13:02:50,787 [INFO] app [log_request:36]: GET /api/facturas/INV-FAC-0018/pdf → 200
2026-05-31 13:02:50,794 [INFO] app [log_request:36]: POST /login → 302
2026-05-31 13:02:50,798 [INFO] app [log_request:36]: GET / → 200
2026-05-31 13:02:50,813 [INFO] app [log_request:36]: POST /api/facturas → 201
2026-05-31 13:02:50,820 [INFO] app [log_request:36]: GET /api/facturas/INV-FAC-0019 → 200
2026-05-31 13:02:50,829 [INFO] app [log_request:36]: POST /login → 302
2026-05-31 13:02:50,834 [INFO] app [log_request:36]: GET / → 200
2026-05-31 13:02:50,890 [INFO] app [log_request:36]: GET /factura/INV-FAC-0016 → 404
2026-05-31 13:02:51,395 [INFO] app [log_request:36]: GET /api/health → 200
2026-05-31 13:02:51,405 [INFO] app [log_request:36]: POST /login → 302
2026-05-31 13:02:51,409 [INFO] app [log_request:36]: GET / → 200
2026-05-31 13:02:51,856 [INFO] app [log_request:36]: GET /api/health → 200
2026-05-31 13:02:51,863 [INFO] app [log_request:36]: POST /login → 302
2026-05-31 13:02:51,869 [INFO] app [log_request:36]: GET / → 200
2026-05-31 13:02:52,328 [INFO] app [log_request:36]: GET /api/health → 200
2026-05-31 13:02:52,338 [INFO] app [log_request:36]: POST /login → 302
2026-05-31 13:02:52,341 [INFO] app [log_request:36]: GET / → 200
2026-05-31 13:02:52,790 [INFO] app [log_request:36]: GET /api/health → 200
2026-05-31 13:04:26,877 [INFO] app [setup_logging:39]: Logging initialized (file=crm.log, debug=False)
2026-05-31 13:04:27,049 [INFO] app [log_request:36]: POST /login → 302
2026-05-31 13:04:27,107 [INFO] app [log_request:36]: GET / → 200
2026-05-31 13:04:27,119 [INFO] app [log_request:36]: POST /api/facturas → 201
2026-05-31 13:04:27,124 [INFO] app [log_request:36]: GET /api/facturas/INV-FAC-0012 → 200
2026-05-31 13:04:27,132 [INFO] app [log_request:36]: POST /login → 302
2026-05-31 13:04:27,136 [INFO] app [log_request:36]: GET / → 200
2026-05-31 13:04:27,149 [INFO] app [log_request:36]: POST /api/facturas → 201
2026-05-31 13:04:27,154 [INFO] app [log_request:36]: GET /api/facturas/INV-FAC-0013 → 200
2026-05-31 13:04:27,161 [INFO] app [log_request:36]: POST /login → 302
2026-05-31 13:04:27,165 [INFO] app [log_request:36]: GET / → 200
2026-05-31 13:04:27,179 [INFO] app [log_request:36]: POST /api/facturas → 201
2026-05-31 13:04:27,184 [INFO] app [log_request:36]: GET /api/facturas/INV-FAC-0014 → 200
2026-05-31 13:04:27,190 [INFO] app [log_request:36]: POST /login → 302
2026-05-31 13:04:27,194 [INFO] app [log_request:36]: GET / → 200
2026-05-31 13:04:27,199 [INFO] app [log_request:36]: POST /api/facturas → 400
2026-05-31 13:04:27,206 [INFO] app [log_request:36]: POST /login → 302
2026-05-31 13:04:27,209 [INFO] app [log_request:36]: GET / → 200
2026-05-31 13:04:27,221 [INFO] app [log_request:36]: POST /api/facturas → 201
2026-05-31 13:04:27,226 [INFO] app [log_request:36]: POST /api/facturas/INV-FAC-0015/emitir → 200
2026-05-31 13:04:27,233 [INFO] app [log_request:36]: GET /api/facturas/INV-FAC-0015 → 200
2026-05-31 13:04:27,239 [INFO] app [log_request:36]: POST /login → 302
2026-05-31 13:04:27,243 [INFO] app [log_request:36]: GET / → 200
2026-05-31 13:04:27,256 [INFO] app [log_request:36]: POST /api/facturas → 201
2026-05-31 13:04:27,261 [INFO] app [log_request:36]: POST /api/facturas/INV-FAC-0016/emitir → 200
2026-05-31 13:04:27,269 [INFO] app [log_request:36]: POST /api/facturas/INV-FAC-0016/pagar → 200
2026-05-31 13:04:27,275 [INFO] app [log_request:36]: GET /api/facturas/INV-FAC-0016 → 200
2026-05-31 13:04:27,284 [INFO] app [log_request:36]: POST /login → 302
2026-05-31 13:04:27,289 [INFO] app [log_request:36]: GET / → 200
2026-05-31 13:04:27,303 [INFO] app [log_request:36]: POST /api/facturas → 201
2026-05-31 13:04:27,308 [INFO] app [log_request:36]: DELETE /api/facturas/INV-FAC-0017 → 200
2026-05-31 13:04:27,314 [INFO] app [log_request:36]: GET /api/facturas/INV-FAC-0017 → 200
2026-05-31 13:04:27,322 [INFO] app [log_request:36]: POST /login → 302
2026-05-31 13:04:27,326 [INFO] app [log_request:36]: GET / → 200
2026-05-31 13:04:27,340 [INFO] app [log_request:36]: POST /api/facturas → 201
2026-05-31 13:04:27,429 [INFO] app [log_request:36]: GET /api/facturas/INV-FAC-0018/pdf → 200
2026-05-31 13:04:27,438 [INFO] app [log_request:36]: POST /login → 302
2026-05-31 13:04:27,442 [INFO] app [log_request:36]: GET / → 200
2026-05-31 13:04:27,456 [INFO] app [log_request:36]: POST /api/facturas → 201
2026-05-31 13:04:27,463 [INFO] app [log_request:36]: GET /api/facturas/INV-FAC-0019 → 200
2026-05-31 13:04:27,472 [INFO] app [log_request:36]: POST /login → 302
2026-05-31 13:04:27,476 [INFO] app [log_request:36]: GET / → 200
2026-05-31 13:04:27,525 [INFO] app [log_request:36]: GET /factura/INV-FAC-0016 → 404
2026-05-31 13:04:27,962 [INFO] app [log_request:36]: GET /api/health → 200
2026-05-31 13:04:27,971 [INFO] app [log_request:36]: POST /login → 302
2026-05-31 13:04:27,974 [INFO] app [log_request:36]: GET / → 200
2026-05-31 13:04:28,433 [INFO] app [log_request:36]: GET /api/health → 200
2026-05-31 13:04:28,442 [INFO] app [log_request:36]: POST /login → 302
2026-05-31 13:04:28,447 [INFO] app [log_request:36]: GET / → 200
2026-05-31 13:04:28,908 [INFO] app [log_request:36]: GET /api/health → 200
2026-05-31 13:04:28,917 [INFO] app [log_request:36]: POST /login → 302
2026-05-31 13:04:28,922 [INFO] app [log_request:36]: GET / → 200
2026-05-31 13:04:29,374 [INFO] app [log_request:36]: GET /api/health → 200
2026-05-31 13:06:34,057 [INFO] app [setup_logging:39]: Logging initialized (file=crm.log, debug=False)
2026-05-31 13:06:34,798 [INFO] app [setup_logging:39]: Logging initialized (file=crm.log, debug=False)
2026-05-31 13:07:43,515 [INFO] app [setup_logging:39]: Logging initialized (file=crm.log, debug=False)
2026-05-31 13:07:43,712 [INFO] app [log_request:36]: POST /login → 302
2026-05-31 13:07:43,772 [INFO] app [log_request:36]: GET / → 200
2026-05-31 13:07:43,784 [INFO] app [log_request:36]: POST /api/facturas → 201
2026-05-31 13:07:43,790 [INFO] app [log_request:36]: GET /api/facturas/INV-FAC-0012 → 200
2026-05-31 13:07:43,798 [INFO] app [log_request:36]: POST /login → 302
2026-05-31 13:07:43,802 [INFO] app [log_request:36]: GET / → 200
2026-05-31 13:07:43,816 [INFO] app [log_request:36]: POST /api/facturas → 201
2026-05-31 13:07:43,823 [INFO] app [log_request:36]: GET /api/facturas/INV-FAC-0013 → 200
2026-05-31 13:07:43,832 [INFO] app [log_request:36]: POST /login → 302
2026-05-31 13:07:43,835 [INFO] app [log_request:36]: GET / → 200
2026-05-31 13:07:43,851 [INFO] app [log_request:36]: POST /api/facturas → 201
2026-05-31 13:07:43,858 [INFO] app [log_request:36]: GET /api/facturas/INV-FAC-0014 → 200
2026-05-31 13:07:43,865 [INFO] app [log_request:36]: POST /login → 302
2026-05-31 13:07:43,869 [INFO] app [log_request:36]: GET / → 200
2026-05-31 13:07:43,875 [INFO] app [log_request:36]: POST /api/facturas → 400
2026-05-31 13:07:43,882 [INFO] app [log_request:36]: POST /login → 302
2026-05-31 13:07:43,886 [INFO] app [log_request:36]: GET / → 200
2026-05-31 13:07:43,899 [INFO] app [log_request:36]: POST /api/facturas → 201
2026-05-31 13:07:43,905 [INFO] app [log_request:36]: POST /api/facturas/INV-FAC-0015/emitir → 200
2026-05-31 13:07:43,910 [INFO] app [log_request:36]: GET /api/facturas/INV-FAC-0015 → 200
2026-05-31 13:07:43,917 [INFO] app [log_request:36]: POST /login → 302
2026-05-31 13:07:43,922 [INFO] app [log_request:36]: GET / → 200
2026-05-31 13:07:43,935 [INFO] app [log_request:36]: POST /api/facturas → 201
2026-05-31 13:07:43,941 [INFO] app [log_request:36]: POST /api/facturas/INV-FAC-0016/emitir → 200
2026-05-31 13:07:43,950 [INFO] app [log_request:36]: POST /api/facturas/INV-FAC-0016/pagar → 200
2026-05-31 13:07:43,957 [INFO] app [log_request:36]: GET /api/facturas/INV-FAC-0016 → 200
2026-05-31 13:07:43,969 [INFO] app [log_request:36]: POST /login → 302
2026-05-31 13:07:43,974 [INFO] app [log_request:36]: GET / → 200
2026-05-31 13:07:43,988 [INFO] app [log_request:36]: POST /api/facturas → 201
2026-05-31 13:07:43,994 [INFO] app [log_request:36]: DELETE /api/facturas/INV-FAC-0017 → 200
2026-05-31 13:07:44,000 [INFO] app [log_request:36]: GET /api/facturas/INV-FAC-0017 → 200
2026-05-31 13:07:44,012 [INFO] app [log_request:36]: POST /login → 302
2026-05-31 13:07:44,016 [INFO] app [log_request:36]: GET / → 200
2026-05-31 13:07:44,032 [INFO] app [log_request:36]: POST /api/facturas → 201
2026-05-31 13:07:44,126 [INFO] app [log_request:36]: GET /api/facturas/INV-FAC-0018/pdf → 200
2026-05-31 13:07:44,138 [INFO] app [log_request:36]: POST /login → 302
2026-05-31 13:07:44,146 [INFO] app [log_request:36]: GET / → 200
2026-05-31 13:07:44,163 [INFO] app [log_request:36]: POST /api/facturas → 201
2026-05-31 13:07:44,168 [INFO] app [log_request:36]: GET /api/facturas/INV-FAC-0019 → 200
2026-05-31 13:07:44,181 [INFO] app [log_request:36]: POST /login → 302
2026-05-31 13:07:44,185 [INFO] app [log_request:36]: GET / → 200
2026-05-31 13:07:44,294 [INFO] app [log_request:36]: GET /factura/INV-FAC-0016 → 404
2026-05-31 13:07:44,789 [INFO] app [log_request:36]: GET /api/health → 200
2026-05-31 13:07:44,795 [INFO] app [log_request:36]: POST /login → 302
2026-05-31 13:07:44,799 [INFO] app [log_request:36]: GET / → 200
2026-05-31 13:07:45,315 [INFO] app [log_request:36]: GET /api/health → 200
2026-05-31 13:07:45,324 [INFO] app [log_request:36]: POST /login → 302
2026-05-31 13:07:45,328 [INFO] app [log_request:36]: GET / → 200
2026-05-31 13:07:45,793 [INFO] app [log_request:36]: GET /api/health → 200
2026-05-31 13:07:45,799 [INFO] app [log_request:36]: POST /login → 302
2026-05-31 13:07:45,803 [INFO] app [log_request:36]: GET / → 200
2026-05-31 13:07:46,267 [INFO] app [log_request:36]: GET /api/health → 200
2026-05-31 13:07:51,547 [INFO] app [setup_logging:39]: Logging initialized (file=crm.log, debug=False)
2026-05-31 13:07:51,786 [INFO] app [log_request:36]: GET /api/finanzas/stats → 200
2026-05-31 13:07:58,568 [INFO] app [setup_logging:39]: Logging initialized (file=crm.log, debug=False)
2026-05-31 13:07:59,387 [INFO] app [setup_logging:39]: Logging initialized (file=crm.log, debug=False)
2026-05-31 13:08:01,566 [INFO] app [setup_logging:39]: Logging initialized (file=crm.log, debug=False)
2026-05-31 13:08:01,743 [INFO] app [log_request:36]: GET /api/finanzas/stats → 200
2026-05-31 13:08:15,322 [INFO] app [log_request:36]: GET /api/bot/config → 200
2026-05-31 13:09:22,979 [INFO] app [setup_logging:39]: Logging initialized (file=crm.log, debug=False)
2026-05-31 13:09:23,839 [INFO] app [setup_logging:39]: Logging initialized (file=crm.log, debug=False)
2026-05-31 13:09:46,404 [INFO] app [setup_logging:39]: Logging initialized (file=crm.log, debug=False)
2026-05-31 13:09:47,184 [INFO] app [setup_logging:39]: Logging initialized (file=crm.log, debug=False)
2026-05-31 13:10:03,604 [INFO] app [setup_logging:39]: Logging initialized (file=crm.log, debug=False)
2026-05-31 13:10:03,956 [INFO] app [setup_logging:39]: Logging initialized (file=crm.log, debug=False)
2026-05-31 13:10:20,374 [INFO] app [setup_logging:39]: Logging initialized (file=crm.log, debug=False)
2026-05-31 13:10:20,734 [INFO] app [setup_logging:39]: Logging initialized (file=crm.log, debug=False)
2026-05-31 13:10:30,581 [INFO] app [setup_logging:39]: Logging initialized (file=crm.log, debug=False)
2026-05-31 13:10:30,730 [INFO] app [log_request:36]: POST /login → 302
2026-05-31 13:10:30,781 [INFO] app [log_request:36]: GET / → 200
2026-05-31 13:10:30,792 [INFO] app [log_request:36]: POST /api/facturas → 201
2026-05-31 13:10:30,797 [INFO] app [log_request:36]: GET /api/facturas/INV-FAC-0012 → 200
2026-05-31 13:10:30,804 [INFO] app [log_request:36]: POST /login → 302
2026-05-31 13:10:30,807 [INFO] app [log_request:36]: GET / → 200
2026-05-31 13:10:30,820 [INFO] app [log_request:36]: POST /api/facturas → 201
2026-05-31 13:10:30,826 [INFO] app [log_request:36]: GET /api/facturas/INV-FAC-0013 → 200
2026-05-31 13:10:30,837 [INFO] app [log_request:36]: POST /login → 302
2026-05-31 13:10:30,843 [INFO] app [log_request:36]: GET / → 200
2026-05-31 13:10:30,860 [INFO] app [log_request:36]: POST /api/facturas → 201
2026-05-31 13:10:30,866 [INFO] app [log_request:36]: GET /api/facturas/INV-FAC-0014 → 200
2026-05-31 13:10:30,873 [INFO] app [log_request:36]: POST /login → 302
2026-05-31 13:10:30,877 [INFO] app [log_request:36]: GET / → 200
2026-05-31 13:10:30,883 [INFO] app [log_request:36]: POST /api/facturas → 400
2026-05-31 13:10:30,890 [INFO] app [log_request:36]: POST /login → 302
2026-05-31 13:10:30,893 [INFO] app [log_request:36]: GET / → 200
2026-05-31 13:10:30,906 [INFO] app [log_request:36]: POST /api/facturas → 201
2026-05-31 13:10:30,910 [INFO] app [log_request:36]: POST /api/facturas/INV-FAC-0015/emitir → 200
2026-05-31 13:10:30,916 [INFO] app [log_request:36]: GET /api/facturas/INV-FAC-0015 → 200
2026-05-31 13:10:30,928 [INFO] app [log_request:36]: POST /login → 302
2026-05-31 13:10:30,934 [INFO] app [log_request:36]: GET / → 200
2026-05-31 13:10:30,947 [INFO] app [log_request:36]: POST /api/facturas → 201
2026-05-31 13:10:30,952 [INFO] app [log_request:36]: POST /api/facturas/INV-FAC-0016/emitir → 200
2026-05-31 13:10:30,960 [INFO] app [log_request:36]: POST /api/facturas/INV-FAC-0016/pagar → 200
2026-05-31 13:10:30,968 [INFO] app [log_request:36]: GET /api/facturas/INV-FAC-0016 → 200
2026-05-31 13:10:30,976 [INFO] app [log_request:36]: POST /login → 302
2026-05-31 13:10:30,980 [INFO] app [log_request:36]: GET / → 200
2026-05-31 13:10:30,993 [INFO] app [log_request:36]: POST /api/facturas → 201
2026-05-31 13:10:30,998 [INFO] app [log_request:36]: DELETE /api/facturas/INV-FAC-0017 → 200
2026-05-31 13:10:31,004 [INFO] app [log_request:36]: GET /api/facturas/INV-FAC-0017 → 200
2026-05-31 13:10:31,011 [INFO] app [log_request:36]: POST /login → 302
2026-05-31 13:10:31,015 [INFO] app [log_request:36]: GET / → 200
2026-05-31 13:10:31,029 [INFO] app [log_request:36]: POST /api/facturas → 201
2026-05-31 13:10:31,114 [INFO] app [log_request:36]: GET /api/facturas/INV-FAC-0018/pdf → 200
2026-05-31 13:10:31,122 [INFO] app [log_request:36]: POST /login → 302
2026-05-31 13:10:31,127 [INFO] app [log_request:36]: GET / → 200
2026-05-31 13:10:31,142 [INFO] app [log_request:36]: POST /api/facturas → 201
2026-05-31 13:10:31,148 [INFO] app [log_request:36]: GET /api/facturas/INV-FAC-0019 → 200
2026-05-31 13:10:31,156 [INFO] app [log_request:36]: POST /login → 302
2026-05-31 13:10:31,160 [INFO] app [log_request:36]: GET / → 200
2026-05-31 13:10:31,202 [INFO] app [log_request:36]: GET /factura/INV-FAC-0016 → 404
2026-05-31 13:10:31,644 [INFO] app [log_request:36]: GET /api/health → 200
2026-05-31 13:10:31,654 [INFO] app [log_request:36]: POST /login → 302
2026-05-31 13:10:31,659 [INFO] app [log_request:36]: GET / → 200
2026-05-31 13:10:32,110 [INFO] app [log_request:36]: GET /api/health → 200
2026-05-31 13:10:32,118 [INFO] app [log_request:36]: POST /login → 302
2026-05-31 13:10:32,121 [INFO] app [log_request:36]: GET / → 200
2026-05-31 13:10:32,539 [INFO] app [log_request:36]: GET /api/health → 200
2026-05-31 13:10:32,547 [INFO] app [log_request:36]: POST /login → 302
2026-05-31 13:10:32,551 [INFO] app [log_request:36]: GET / → 200
2026-05-31 13:10:33,016 [INFO] app [log_request:36]: GET /api/health → 200
2026-05-31 13:10:56,854 [INFO] app [setup_logging:39]: Logging initialized (file=crm.log, debug=False)
2026-05-31 13:10:57,014 [INFO] app [log_request:36]: POST /login → 302
2026-05-31 13:10:57,065 [INFO] app [log_request:36]: GET / → 200
2026-05-31 13:10:57,075 [INFO] app [log_request:36]: POST /api/facturas → 201
2026-05-31 13:10:57,081 [INFO] app [log_request:36]: GET /api/facturas/INV-FAC-0012 → 200
2026-05-31 13:10:57,088 [INFO] app [log_request:36]: POST /login → 302
2026-05-31 13:10:57,091 [INFO] app [log_request:36]: GET / → 200
2026-05-31 13:10:57,104 [INFO] app [log_request:36]: POST /api/facturas → 201
2026-05-31 13:10:57,109 [INFO] app [log_request:36]: GET /api/facturas/INV-FAC-0013 → 200
2026-05-31 13:10:57,116 [INFO] app [log_request:36]: POST /login → 302
2026-05-31 13:10:57,120 [INFO] app [log_request:36]: GET / → 200
2026-05-31 13:10:57,134 [INFO] app [log_request:36]: POST /api/facturas → 201
2026-05-31 13:10:57,138 [INFO] app [log_request:36]: GET /api/facturas/INV-FAC-0014 → 200
2026-05-31 13:10:57,145 [INFO] app [log_request:36]: POST /login → 302
2026-05-31 13:10:57,149 [INFO] app [log_request:36]: GET / → 200
2026-05-31 13:10:57,153 [INFO] app [log_request:36]: POST /api/facturas → 400
2026-05-31 13:10:57,160 [INFO] app [log_request:36]: POST /login → 302
2026-05-31 13:10:57,164 [INFO] app [log_request:36]: GET / → 200
2026-05-31 13:10:57,174 [INFO] app [log_request:36]: POST /api/facturas → 201
2026-05-31 13:10:57,178 [INFO] app [log_request:36]: POST /api/facturas/INV-FAC-0015/emitir → 200
2026-05-31 13:10:57,183 [INFO] app [log_request:36]: GET /api/facturas/INV-FAC-0015 → 200
2026-05-31 13:10:57,190 [INFO] app [log_request:36]: POST /login → 302
2026-05-31 13:10:57,193 [INFO] app [log_request:36]: GET / → 200
2026-05-31 13:10:57,203 [INFO] app [log_request:36]: POST /api/facturas → 201
2026-05-31 13:10:57,208 [INFO] app [log_request:36]: POST /api/facturas/INV-FAC-0016/emitir → 200
2026-05-31 13:10:57,215 [INFO] app [log_request:36]: POST /api/facturas/INV-FAC-0016/pagar → 200
2026-05-31 13:10:57,223 [INFO] app [log_request:36]: GET /api/facturas/INV-FAC-0016 → 200
2026-05-31 13:10:57,231 [INFO] app [log_request:36]: POST /login → 302
2026-05-31 13:10:57,235 [INFO] app [log_request:36]: GET / → 200
2026-05-31 13:10:57,249 [INFO] app [log_request:36]: POST /api/facturas → 201
2026-05-31 13:10:57,254 [INFO] app [log_request:36]: DELETE /api/facturas/INV-FAC-0017 → 200
2026-05-31 13:10:57,259 [INFO] app [log_request:36]: GET /api/facturas/INV-FAC-0017 → 200
2026-05-31 13:10:57,273 [INFO] app [log_request:36]: POST /login → 302
2026-05-31 13:10:57,277 [INFO] app [log_request:36]: GET / → 200
2026-05-31 13:10:57,290 [INFO] app [log_request:36]: POST /api/facturas → 201
2026-05-31 13:10:57,368 [INFO] app [log_request:36]: GET /api/facturas/INV-FAC-0018/pdf → 200
2026-05-31 13:10:57,375 [INFO] app [log_request:36]: POST /login → 302
2026-05-31 13:10:57,379 [INFO] app [log_request:36]: GET / → 200
2026-05-31 13:10:57,393 [INFO] app [log_request:36]: POST /api/facturas → 201
2026-05-31 13:10:57,399 [INFO] app [log_request:36]: GET /api/facturas/INV-FAC-0019 → 200
2026-05-31 13:10:57,406 [INFO] app [log_request:36]: POST /login → 302
2026-05-31 13:10:57,410 [INFO] app [log_request:36]: GET / → 200
2026-05-31 13:10:57,441 [INFO] app [log_request:36]: GET /factura/INV-FAC-0016 → 404
2026-05-31 13:10:57,841 [INFO] app [log_request:36]: GET /api/health → 200
2026-05-31 13:10:57,850 [INFO] app [log_request:36]: POST /login → 302
2026-05-31 13:10:57,857 [INFO] app [log_request:36]: GET / → 200
2026-05-31 13:10:58,285 [INFO] app [log_request:36]: GET /api/health → 200
2026-05-31 13:10:58,294 [INFO] app [log_request:36]: POST /login → 302
2026-05-31 13:10:58,299 [INFO] app [log_request:36]: GET / → 200
2026-05-31 13:10:58,769 [INFO] app [log_request:36]: GET /api/health → 200
2026-05-31 13:10:58,776 [INFO] app [log_request:36]: POST /login → 302
2026-05-31 13:10:58,781 [INFO] app [log_request:36]: GET / → 200
2026-05-31 13:10:59,235 [INFO] app [log_request:36]: GET /api/health → 200
2026-05-31 13:11:16,258 [INFO] app [setup_logging:39]: Logging initialized (file=crm.log, debug=False)
2026-05-31 13:11:16,621 [INFO] app [setup_logging:39]: Logging initialized (file=crm.log, debug=False)
2026-05-31 13:11:17,119 [INFO] app [log_request:36]: GET / → 302
2026-05-31 13:11:17,453 [INFO] app [log_request:36]: GET /login → 200
2026-05-31 13:11:17,906 [INFO] app [log_request:36]: GET /favicon.ico → 404
2026-05-31 13:11:20,040 [INFO] app [log_request:36]: POST /login → 302
2026-05-31 13:11:20,627 [INFO] app [log_request:36]: GET / → 200
2026-05-31 13:11:21,371 [INFO] app [setup_logging:39]: Logging initialized (file=crm.log, debug=False)
2026-05-31 13:11:21,489 [INFO] app [log_request:36]: GET /api/work_orders/tipos → 200
2026-05-31 13:11:21,811 [INFO] app [log_request:36]: GET /api/segments → 200
2026-05-31 13:11:22,039 [INFO] app [setup_logging:39]: Logging initialized (file=crm.log, debug=False)
2026-05-31 13:11:22,051 [INFO] app [log_request:36]: GET /api/stats → 200
2026-05-31 13:11:22,067 [INFO] app [log_request:36]: GET /api/leads → 200
2026-05-31 13:11:22,074 [INFO] app [log_request:36]: GET /api/clients → 200
2026-05-31 13:11:22,084 [INFO] app [log_request:36]: GET /api/work_orders → 200
2026-05-31 13:11:22,097 [INFO] app [log_request:36]: GET /api/interactions → 200
2026-05-31 13:11:22,103 [INFO] app [log_request:36]: GET /api/bot/status → 200
2026-05-31 13:11:22,291 [INFO] app [log_request:36]: GET /api/work_orders → 200
2026-05-31 13:11:22,334 [INFO] app [log_request:36]: GET /api/work_orders/kanban → 200
2026-05-31 13:11:22,627 [INFO] app [log_request:36]: GET /api/work_orders/kanban → 200
2026-05-31 13:11:22,632 [INFO] app [log_request:36]: GET /api/facturas/stats → 200
2026-05-31 13:11:22,633 [INFO] app [log_request:36]: GET /api/finanzas/stats → 200
2026-05-31 13:11:22,915 [INFO] app [log_request:36]: GET /api/work_orders/kanban → 200
2026-05-31 13:11:23,280 [INFO] app [log_request:36]: GET /login → 302
2026-05-31 13:11:23,623 [INFO] app [log_request:36]: GET / → 200
2026-05-31 13:11:24,178 [INFO] app [log_request:36]: GET /api/work_orders/tipos → 200
2026-05-31 13:11:24,363 [INFO] app [log_request:36]: GET /api/segments → 200
2026-05-31 13:11:24,717 [INFO] app [log_request:36]: GET /api/bot/status → 200
2026-05-31 13:11:24,725 [INFO] app [log_request:36]: GET /api/clients → 200
2026-05-31 13:11:24,738 [INFO] app [log_request:36]: GET /api/work_orders → 200
2026-05-31 13:11:24,751 [INFO] app [log_request:36]: GET /api/stats → 200
2026-05-31 13:11:24,759 [INFO] app [log_request:36]: GET /api/interactions → 200
2026-05-31 13:11:24,768 [INFO] app [log_request:36]: GET /api/leads → 200
2026-05-31 13:11:25,015 [INFO] app [log_request:36]: GET /api/work_orders/kanban → 200
2026-05-31 13:11:25,166 [INFO] app [log_request:36]: GET /api/work_orders → 200
2026-05-31 13:11:25,320 [INFO] app [log_request:36]: GET /api/work_orders/kanban → 200
2026-05-31 13:11:25,381 [INFO] app [log_request:36]: GET /api/finanzas/stats → 200
2026-05-31 13:11:25,383 [INFO] app [log_request:36]: GET /api/facturas/stats → 200
2026-05-31 13:11:25,510 [INFO] app [log_request:36]: GET /api/work_orders/kanban → 200
2026-05-31 13:11:28,597 [INFO] app [setup_logging:39]: Logging initialized (file=crm.log, debug=False)
2026-05-31 13:11:28,773 [INFO] app [log_request:36]: POST /login → 302
2026-05-31 13:11:28,822 [INFO] app [log_request:36]: GET / → 200
2026-05-31 13:11:28,833 [INFO] app [log_request:36]: POST /api/facturas → 201
2026-05-31 13:11:28,837 [INFO] app [log_request:36]: GET /api/facturas/INV-FAC-0012 → 200
2026-05-31 13:11:28,843 [INFO] app [log_request:36]: POST /login → 302
2026-05-31 13:11:28,847 [INFO] app [log_request:36]: GET / → 200
2026-05-31 13:11:28,857 [INFO] app [log_request:36]: POST /api/facturas → 201
2026-05-31 13:11:28,862 [INFO] app [log_request:36]: GET /api/facturas/INV-FAC-0013 → 200
2026-05-31 13:11:28,868 [INFO] app [log_request:36]: POST /login → 302
2026-05-31 13:11:28,871 [INFO] app [log_request:36]: GET / → 200
2026-05-31 13:11:28,884 [INFO] app [log_request:36]: POST /api/facturas → 201
2026-05-31 13:11:28,889 [INFO] app [log_request:36]: GET /api/facturas/INV-FAC-0014 → 200
2026-05-31 13:11:28,895 [INFO] app [log_request:36]: POST /login → 302
2026-05-31 13:11:28,898 [INFO] app [log_request:36]: GET / → 200
2026-05-31 13:11:28,902 [INFO] app [log_request:36]: POST /api/facturas → 400
2026-05-31 13:11:28,907 [INFO] app [log_request:36]: POST /login → 302
2026-05-31 13:11:28,910 [INFO] app [log_request:36]: GET / → 200
2026-05-31 13:11:28,921 [INFO] app [log_request:36]: POST /api/facturas → 201
2026-05-31 13:11:28,925 [INFO] app [log_request:36]: POST /api/facturas/INV-FAC-0015/emitir → 200
2026-05-31 13:11:28,931 [INFO] app [log_request:36]: GET /api/facturas/INV-FAC-0015 → 200
2026-05-31 13:11:28,937 [INFO] app [log_request:36]: POST /login → 302
2026-05-31 13:11:28,940 [INFO] app [log_request:36]: GET / → 200
2026-05-31 13:11:28,952 [INFO] app [log_request:36]: POST /api/facturas → 201
2026-05-31 13:11:28,957 [INFO] app [log_request:36]: POST /api/facturas/INV-FAC-0016/emitir → 200
2026-05-31 13:11:28,965 [INFO] app [log_request:36]: POST /api/facturas/INV-FAC-0016/pagar → 200
2026-05-31 13:11:28,970 [INFO] app [log_request:36]: GET /api/facturas/INV-FAC-0016 → 200
2026-05-31 13:11:28,977 [INFO] app [log_request:36]: POST /login → 302
2026-05-31 13:11:28,982 [INFO] app [log_request:36]: GET / → 200
2026-05-31 13:11:28,995 [INFO] app [log_request:36]: POST /api/facturas → 201
2026-05-31 13:11:29,000 [INFO] app [log_request:36]: DELETE /api/facturas/INV-FAC-0017 → 200
2026-05-31 13:11:29,005 [INFO] app [log_request:36]: GET /api/facturas/INV-FAC-0017 → 200
2026-05-31 13:11:29,013 [INFO] app [log_request:36]: POST /login → 302
2026-05-31 13:11:29,017 [INFO] app [log_request:36]: GET / → 200
2026-05-31 13:11:29,031 [INFO] app [log_request:36]: POST /api/facturas → 201
2026-05-31 13:11:29,108 [INFO] app [log_request:36]: GET /api/facturas/INV-FAC-0018/pdf → 200
2026-05-31 13:11:29,116 [INFO] app [log_request:36]: POST /login → 302
2026-05-31 13:11:29,120 [INFO] app [log_request:36]: GET / → 200
2026-05-31 13:11:29,134 [INFO] app [log_request:36]: POST /api/facturas → 201
2026-05-31 13:11:29,140 [INFO] app [log_request:36]: GET /api/facturas/INV-FAC-0019 → 200
2026-05-31 13:11:29,149 [INFO] app [log_request:36]: POST /login → 302
2026-05-31 13:11:29,153 [INFO] app [log_request:36]: GET / → 200
2026-05-31 13:11:29,198 [INFO] app [log_request:36]: GET /factura/INV-FAC-0016 → 404
2026-05-31 13:11:29,603 [INFO] app [log_request:36]: GET /api/health → 200
2026-05-31 13:11:29,612 [INFO] app [log_request:36]: POST /login → 302
2026-05-31 13:11:29,618 [INFO] app [log_request:36]: GET / → 200
2026-05-31 13:11:30,073 [INFO] app [log_request:36]: GET /api/health → 200
2026-05-31 13:11:30,081 [INFO] app [log_request:36]: POST /login → 302
2026-05-31 13:11:30,087 [INFO] app [log_request:36]: GET / → 200
2026-05-31 13:11:30,525 [INFO] app [log_request:36]: GET /api/health → 200
2026-05-31 13:11:30,533 [INFO] app [log_request:36]: POST /login → 302
2026-05-31 13:11:30,539 [INFO] app [log_request:36]: GET / → 200
2026-05-31 13:11:30,993 [INFO] app [log_request:36]: GET /api/health → 200
2026-05-31 13:12:00,674 [INFO] app [log_request:36]: GET / → 200
2026-05-31 13:12:01,993 [INFO] app [log_request:36]: GET /api/work_orders/tipos → 200
2026-05-31 13:12:02,376 [INFO] app [log_request:36]: GET /api/segments → 200
2026-05-31 13:12:02,584 [INFO] app [log_request:36]: GET /api/work_orders → 200
2026-05-31 13:12:02,599 [INFO] app [log_request:36]: GET /api/bot/status → 200
2026-05-31 13:12:02,600 [INFO] app [log_request:36]: GET /api/clients → 200
2026-05-31 13:12:02,613 [INFO] app [log_request:36]: GET /api/interactions → 200
2026-05-31 13:12:02,653 [INFO] app [log_request:36]: GET /api/leads → 200
2026-05-31 13:12:02,663 [INFO] app [log_request:36]: GET /api/stats → 200
2026-05-31 13:12:03,053 [INFO] app [log_request:36]: GET /api/work_orders/kanban → 200
2026-05-31 13:12:03,151 [INFO] app [log_request:36]: GET /api/work_orders → 200
2026-05-31 13:12:03,253 [INFO] app [log_request:36]: GET /api/work_orders/kanban → 200
2026-05-31 13:12:03,417 [INFO] app [log_request:36]: GET /api/facturas/stats → 200
2026-05-31 13:12:03,420 [INFO] app [log_request:36]: GET /api/finanzas/stats → 200
2026-05-31 13:12:03,434 [INFO] app [log_request:36]: GET /api/work_orders/kanban → 200
2026-05-31 13:13:03,385 [INFO] app [log_request:36]: GET /api/bot/status → 200
2026-05-31 13:13:03,389 [INFO] app [log_request:36]: GET /api/work_orders/kanban → 200
2026-05-31 13:14:20,277 [INFO] app [setup_logging:39]: Logging initialized (file=crm.log, debug=False)
2026-05-31 13:14:26,475 [INFO] app [log_request:36]: GET / → 200
2026-05-31 13:14:27,021 [INFO] app [setup_logging:39]: Logging initialized (file=crm.log, debug=False)
2026-05-31 13:14:33,706 [INFO] app [setup_logging:39]: Logging initialized (file=crm.log, debug=False)
2026-05-31 13:14:39,880 [INFO] app [setup_logging:39]: Logging initialized (file=crm.log, debug=False)
2026-05-31 13:14:46,096 [INFO] app [setup_logging:39]: Logging initialized (file=crm.log, debug=False)
2026-05-31 13:14:52,393 [INFO] app [setup_logging:39]: Logging initialized (file=crm.log, debug=False)
2026-05-31 13:14:58,589 [INFO] app [setup_logging:39]: Logging initialized (file=crm.log, debug=False)
2026-05-31 13:15:04,900 [INFO] app [setup_logging:39]: Logging initialized (file=crm.log, debug=False)
2026-05-31 13:15:11,134 [INFO] app [setup_logging:39]: Logging initialized (file=crm.log, debug=False)
2026-05-31 13:15:20,872 [INFO] app [setup_logging:39]: Logging initialized (file=crm.log, debug=False)
2026-05-31 13:15:29,072 [INFO] app [setup_logging:39]: Logging initialized (file=crm.log, debug=False)
2026-05-31 13:15:35,607 [INFO] app [setup_logging:39]: Logging initialized (file=crm.log, debug=False)
2026-05-31 13:15:41,954 [INFO] app [setup_logging:39]: Logging initialized (file=crm.log, debug=False)
2026-05-31 13:15:48,405 [INFO] app [setup_logging:39]: Logging initialized (file=crm.log, debug=False)
2026-05-31 13:15:54,649 [INFO] app [setup_logging:39]: Logging initialized (file=crm.log, debug=False)
2026-05-31 13:16:00,898 [INFO] app [setup_logging:39]: Logging initialized (file=crm.log, debug=False)
2026-05-31 13:16:07,150 [INFO] app [setup_logging:39]: Logging initialized (file=crm.log, debug=False)
2026-05-31 13:16:13,401 [INFO] app [setup_logging:39]: Logging initialized (file=crm.log, debug=False)
2026-05-31 13:16:19,664 [INFO] app [setup_logging:39]: Logging initialized (file=crm.log, debug=False)
2026-05-31 13:16:25,908 [INFO] app [setup_logging:39]: Logging initialized (file=crm.log, debug=False)
2026-05-31 13:16:32,208 [INFO] app [setup_logging:39]: Logging initialized (file=crm.log, debug=False)
2026-05-31 13:16:37,448 [INFO] app [setup_logging:39]: Logging initialized (file=crm.log, debug=False)
2026-05-31 13:16:38,275 [INFO] app [setup_logging:39]: Logging initialized (file=crm.log, debug=False)
2026-05-31 13:16:38,790 [INFO] app [setup_logging:39]: Logging initialized (file=crm.log, debug=False)
2026-05-31 13:16:40,693 [INFO] app [log_request:36]: GET / → 200
2026-05-31 13:16:45,200 [INFO] app [setup_logging:39]: Logging initialized (file=crm.log, debug=False)
2026-05-31 13:16:45,978 [INFO] app [log_request:36]: GET /api/health → 200
2026-05-31 13:16:51,412 [INFO] app [setup_logging:39]: Logging initialized (file=crm.log, debug=False)
2026-05-31 13:16:57,652 [INFO] app [setup_logging:39]: Logging initialized (file=crm.log, debug=False)
2026-05-31 13:17:03,878 [INFO] app [setup_logging:39]: Logging initialized (file=crm.log, debug=False)
2026-05-31 13:17:10,161 [INFO] app [setup_logging:39]: Logging initialized (file=crm.log, debug=False)
2026-05-31 13:17:16,411 [INFO] app [setup_logging:39]: Logging initialized (file=crm.log, debug=False)
2026-05-31 13:17:22,648 [INFO] app [setup_logging:39]: Logging initialized (file=crm.log, debug=False)
2026-05-31 13:17:26,570 [INFO] app [log_request:36]: GET / → 302
2026-05-31 13:17:26,892 [INFO] app [log_request:36]: GET /login → 200
2026-05-31 13:17:28,504 [INFO] app [log_request:36]: GET /favicon.ico → 404
2026-05-31 13:17:28,889 [INFO] app [setup_logging:39]: Logging initialized (file=crm.log, debug=False)
2026-05-31 13:17:29,838 [INFO] app [log_request:36]: POST /login → 302
2026-05-31 13:17:30,141 [INFO] app [log_request:36]: GET / → 200
2026-05-31 13:17:34,236 [INFO] app [log_request:36]: GET /api/work_orders/tipos → 200
2026-05-31 13:17:34,659 [INFO] app [log_request:36]: GET /api/segments → 200
2026-05-31 13:17:34,886 [INFO] app [log_request:36]: GET /api/clients → 200
2026-05-31 13:17:34,892 [INFO] app [log_request:36]: GET /api/work_orders → 200
2026-05-31 13:17:34,913 [INFO] app [log_request:36]: GET /api/interactions → 200
2026-05-31 13:17:34,919 [INFO] app [log_request:36]: GET /api/stats → 200
2026-05-31 13:17:34,922 [INFO] app [log_request:36]: GET /api/bot/status → 200
2026-05-31 13:17:34,939 [INFO] app [log_request:36]: GET /api/leads → 200
2026-05-31 13:17:35,167 [INFO] app [log_request:36]: GET /api/work_orders/kanban → 200
2026-05-31 13:17:35,167 [INFO] app [log_request:36]: GET /api/work_orders → 200
2026-05-31 13:17:35,234 [INFO] app [setup_logging:39]: Logging initialized (file=crm.log, debug=False)
2026-05-31 13:17:35,358 [INFO] app [log_request:36]: GET /api/work_orders/kanban → 200
2026-05-31 13:17:35,446 [INFO] app [log_request:36]: GET /api/facturas/stats → 200
2026-05-31 13:17:35,460 [INFO] app [log_request:36]: GET /api/finanzas/stats → 200
2026-05-31 13:17:35,560 [INFO] app [log_request:36]: GET /api/work_orders/kanban → 200
2026-05-31 13:17:41,403 [INFO] app [setup_logging:39]: Logging initialized (file=crm.log, debug=False)
2026-05-31 13:17:47,649 [INFO] app [setup_logging:39]: Logging initialized (file=crm.log, debug=False)
2026-05-31 13:17:53,889 [INFO] app [setup_logging:39]: Logging initialized (file=crm.log, debug=False)
2026-05-31 13:17:57,874 [INFO] app [log_request:36]: GET /api/facturas → 200
2026-05-31 13:17:58,070 [INFO] app [log_request:36]: GET /api/facturas → 200
2026-05-31 13:18:00,149 [INFO] app [setup_logging:39]: Logging initialized (file=crm.log, debug=False)
2026-05-31 13:18:03,828 [INFO] app [log_request:36]: GET / → 200
2026-05-31 13:18:06,403 [INFO] app [setup_logging:39]: Logging initialized (file=crm.log, debug=False)
2026-05-31 13:18:08,845 [INFO] app [log_request:36]: GET /api/facturas → 200
2026-05-31 13:18:08,853 [INFO] app [log_request:36]: GET /api/work_orders/tipos → 200
2026-05-31 13:18:09,088 [INFO] app [log_request:36]: GET /api/segments → 200
2026-05-31 13:18:09,324 [INFO] app [log_request:36]: GET /api/bot/status → 200
2026-05-31 13:18:09,332 [INFO] app [log_request:36]: GET /api/clients → 200
2026-05-31 13:18:09,335 [INFO] app [log_request:36]: GET /api/work_orders → 200
2026-05-31 13:18:09,357 [INFO] app [log_request:36]: GET /api/leads → 200
2026-05-31 13:18:09,369 [INFO] app [log_request:36]: GET /api/interactions → 200
2026-05-31 13:18:09,371 [INFO] app [log_request:36]: GET /api/stats → 200
2026-05-31 13:18:09,555 [INFO] app [log_request:36]: GET /api/work_orders/kanban → 200
2026-05-31 13:18:09,637 [INFO] app [log_request:36]: GET /api/work_orders → 200
2026-05-31 13:18:09,746 [INFO] app [log_request:36]: GET /api/work_orders/kanban → 200
2026-05-31 13:18:09,987 [INFO] app [log_request:36]: GET /api/work_orders/kanban → 200
2026-05-31 13:18:11,307 [INFO] app [log_request:36]: GET /api/facturas/stats → 200
2026-05-31 13:18:11,313 [INFO] app [log_request:36]: GET /api/finanzas/stats → 200
2026-05-31 13:18:12,678 [INFO] app [setup_logging:39]: Logging initialized (file=crm.log, debug=False)
2026-05-31 13:18:13,358 [INFO] app [log_request:36]: GET /api/facturas/INV-FAC-0010/pdf → 200
2026-05-31 13:18:13,635 [INFO] app [log_request:36]: GET /api/facturas/INV-FAC-0010 → 200
2026-05-31 13:18:14,171 [INFO] app [log_request:36]: GET /api/facturas/INV-FAC-0010/payments → 200
2026-05-31 13:18:17,447 [INFO] app [log_request:36]: DELETE /api/facturas/INV-FAC-0010 → 200
2026-05-31 13:18:17,786 [INFO] app [log_request:36]: GET /api/facturas → 200
2026-05-31 13:18:18,941 [INFO] app [setup_logging:39]: Logging initialized (file=crm.log, debug=False)
2026-05-31 13:18:23,941 [INFO] app [log_request:36]: GET /api/facturas/INV-FAC-0008/pdf → 200
2026-05-31 13:18:24,172 [INFO] app [log_request:36]: GET /api/facturas/INV-FAC-0008 → 200
2026-05-31 13:18:24,415 [INFO] app [log_request:36]: GET /api/facturas/INV-FAC-0008/payments → 200
2026-05-31 13:18:25,287 [INFO] app [setup_logging:39]: Logging initialized (file=crm.log, debug=False)
2026-05-31 13:18:26,253 [INFO] app [log_request:36]: DELETE /api/facturas/INV-FAC-0008 → 200
2026-05-31 13:18:26,566 [INFO] app [log_request:36]: GET /api/facturas → 200
2026-05-31 13:18:30,787 [INFO] app [log_request:36]: GET /api/facturas/INV-FAC-0011/pdf → 200
2026-05-31 13:18:31,152 [INFO] app [log_request:36]: GET /api/facturas/INV-FAC-0011 → 200
2026-05-31 13:18:31,372 [INFO] app [log_request:36]: GET /api/facturas/INV-FAC-0011/payments → 200
2026-05-31 13:18:31,393 [INFO] app [setup_logging:39]: Logging initialized (file=crm.log, debug=False)
2026-05-31 13:18:35,167 [INFO] app [log_request:36]: POST /api/facturas/INV-FAC-0011/emitir → 200
2026-05-31 13:18:35,386 [INFO] app [log_request:36]: GET /api/facturas → 200
2026-05-31 13:18:37,673 [INFO] app [setup_logging:39]: Logging initialized (file=crm.log, debug=False)
2026-05-31 13:18:41,984 [INFO] app [log_request:36]: POST /api/facturas/INV-FAC-0011/pagar → 415
2026-05-31 13:18:43,770 [INFO] app [setup_logging:39]: Logging initialized (file=crm.log, debug=False)
2026-05-31 13:18:47,116 [INFO] app [log_request:36]: POST /api/facturas/INV-FAC-0011/pagar → 415
2026-05-31 13:18:49,769 [INFO] app [setup_logging:39]: Logging initialized (file=crm.log, debug=False)
2026-05-31 13:18:55,781 [INFO] app [setup_logging:39]: Logging initialized (file=crm.log, debug=False)
2026-05-31 13:18:59,676 [INFO] app [log_request:36]: GET /api/bot/config → 200
2026-05-31 13:19:02,651 [INFO] app [setup_logging:39]: Logging initialized (file=crm.log, debug=False)
2026-05-31 13:19:09,347 [INFO] app [setup_logging:39]: Logging initialized (file=crm.log, debug=False)
2026-05-31 13:19:09,371 [INFO] app [log_request:36]: GET /api/bot/status → 200
2026-05-31 13:19:09,373 [INFO] app [log_request:36]: GET /api/work_orders/kanban → 200
2026-05-31 13:19:15,324 [INFO] app [setup_logging:39]: Logging initialized (file=crm.log, debug=False)
2026-05-31 13:19:21,336 [INFO] app [setup_logging:39]: Logging initialized (file=crm.log, debug=False)
2026-05-31 13:19:27,306 [INFO] app [setup_logging:39]: Logging initialized (file=crm.log, debug=False)
2026-05-31 13:19:33,301 [INFO] app [setup_logging:39]: Logging initialized (file=crm.log, debug=False)
2026-05-31 13:19:39,335 [INFO] app [setup_logging:39]: Logging initialized (file=crm.log, debug=False)
2026-05-31 13:19:45,319 [INFO] app [setup_logging:39]: Logging initialized (file=crm.log, debug=False)
2026-05-31 13:19:51,298 [INFO] app [setup_logging:39]: Logging initialized (file=crm.log, debug=False)
2026-05-31 13:19:57,351 [INFO] app [setup_logging:39]: Logging initialized (file=crm.log, debug=False)
2026-05-31 13:20:03,296 [INFO] app [setup_logging:39]: Logging initialized (file=crm.log, debug=False)
2026-05-31 13:20:09,332 [INFO] app [setup_logging:39]: Logging initialized (file=crm.log, debug=False)
2026-05-31 13:20:15,295 [INFO] app [setup_logging:39]: Logging initialized (file=crm.log, debug=False)
2026-05-31 13:20:15,789 [INFO] app [log_request:36]: GET /api/bot/status → 200
2026-05-31 13:20:15,806 [INFO] app [log_request:36]: GET /api/work_orders/kanban → 200
2026-05-31 13:20:21,297 [INFO] app [setup_logging:39]: Logging initialized (file=crm.log, debug=False)
2026-05-31 13:20:27,344 [INFO] app [setup_logging:39]: Logging initialized (file=crm.log, debug=False)
2026-05-31 13:20:33,308 [INFO] app [setup_logging:39]: Logging initialized (file=crm.log, debug=False)
2026-05-31 13:20:34,665 [INFO] app [setup_logging:39]: Logging initialized (file=crm.log, debug=False)
2026-05-31 13:20:39,320 [INFO] app [setup_logging:39]: Logging initialized (file=crm.log, debug=False)
2026-05-31 13:20:43,814 [INFO] app [setup_logging:39]: Logging initialized (file=crm.log, debug=False)
2026-05-31 13:20:45,302 [INFO] app [setup_logging:39]: Logging initialized (file=crm.log, debug=False)
2026-05-31 13:20:51,586 [INFO] app [setup_logging:39]: Logging initialized (file=crm.log, debug=False)
2026-05-31 13:20:52,236 [INFO] app [setup_logging:39]: Logging initialized (file=crm.log, debug=False)
2026-05-31 13:20:56,296 [INFO] app [setup_logging:39]: Logging initialized (file=crm.log, debug=False)
2026-05-31 13:20:58,133 [INFO] app [setup_logging:39]: Logging initialized (file=crm.log, debug=False)
2026-05-31 13:21:00,358 [INFO] app [setup_logging:39]: Logging initialized (file=crm.log, debug=False)
2026-05-31 13:21:04,109 [INFO] app [setup_logging:39]: Logging initialized (file=crm.log, debug=False)
2026-05-31 13:21:04,417 [INFO] app [setup_logging:39]: Logging initialized (file=crm.log, debug=False)
2026-05-31 13:21:08,549 [INFO] app [setup_logging:39]: Logging initialized (file=crm.log, debug=False)
2026-05-31 13:21:10,366 [INFO] app [setup_logging:39]: Logging initialized (file=crm.log, debug=False)
2026-05-31 13:21:13,097 [INFO] app [setup_logging:39]: Logging initialized (file=crm.log, debug=False)
2026-05-31 13:21:16,325 [INFO] app [setup_logging:39]: Logging initialized (file=crm.log, debug=False)
2026-05-31 13:21:18,169 [INFO] app [setup_logging:39]: Logging initialized (file=crm.log, debug=False)
2026-05-31 13:21:22,316 [INFO] app [setup_logging:39]: Logging initialized (file=crm.log, debug=False)
2026-05-31 13:21:22,980 [INFO] app [setup_logging:39]: Logging initialized (file=crm.log, debug=False)
2026-05-31 13:21:27,125 [INFO] app [setup_logging:39]: Logging initialized (file=crm.log, debug=False)
2026-05-31 13:21:28,548 [INFO] app [setup_logging:39]: Logging initialized (file=crm.log, debug=False)
2026-05-31 13:21:31,049 [INFO] app [setup_logging:39]: Logging initialized (file=crm.log, debug=False)
2026-05-31 13:21:34,557 [INFO] app [setup_logging:39]: Logging initialized (file=crm.log, debug=False)
2026-05-31 13:21:35,174 [INFO] app [setup_logging:39]: Logging initialized (file=crm.log, debug=False)
2026-05-31 13:21:39,325 [INFO] app [setup_logging:39]: Logging initialized (file=crm.log, debug=False)
2026-05-31 13:21:40,789 [INFO] app [setup_logging:39]: Logging initialized (file=crm.log, debug=False)
2026-05-31 13:21:43,828 [INFO] app [setup_logging:39]: Logging initialized (file=crm.log, debug=False)
2026-05-31 13:21:46,792 [INFO] app [setup_logging:39]: Logging initialized (file=crm.log, debug=False)
2026-05-31 13:21:48,304 [INFO] app [setup_logging:39]: Logging initialized (file=crm.log, debug=False)
2026-05-31 13:21:52,314 [INFO] app [setup_logging:39]: Logging initialized (file=crm.log, debug=False)
2026-05-31 13:21:52,917 [INFO] app [setup_logging:39]: Logging initialized (file=crm.log, debug=False)
2026-05-31 13:21:57,141 [INFO] app [setup_logging:39]: Logging initialized (file=crm.log, debug=False)
2026-05-31 13:21:59,946 [INFO] app [setup_logging:39]: Logging initialized (file=crm.log, debug=False)
2026-05-31 13:22:03,407 [INFO] app [setup_logging:39]: Logging initialized (file=crm.log, debug=False)
2026-05-31 13:22:06,554 [INFO] app [setup_logging:39]: Logging initialized (file=crm.log, debug=False)
2026-05-31 13:22:07,897 [INFO] app [setup_logging:39]: Logging initialized (file=crm.log, debug=False)
2026-05-31 13:22:12,046 [INFO] app [setup_logging:39]: Logging initialized (file=crm.log, debug=False)
2026-05-31 13:22:12,686 [INFO] app [setup_logging:39]: Logging initialized (file=crm.log, debug=False)
2026-05-31 13:22:16,335 [INFO] app [setup_logging:39]: Logging initialized (file=crm.log, debug=False)
2026-05-31 13:22:18,860 [INFO] app [setup_logging:39]: Logging initialized (file=crm.log, debug=False)
2026-05-31 13:22:20,323 [INFO] app [setup_logging:39]: Logging initialized (file=crm.log, debug=False)
2026-05-31 13:22:24,664 [INFO] app [setup_logging:39]: Logging initialized (file=crm.log, debug=False)
2026-05-31 13:22:24,949 [INFO] app [setup_logging:39]: Logging initialized (file=crm.log, debug=False)
2026-05-31 13:22:28,820 [INFO] app [setup_logging:39]: Logging initialized (file=crm.log, debug=False)
2026-05-31 13:22:31,380 [INFO] app [setup_logging:39]: Logging initialized (file=crm.log, debug=False)
2026-05-31 13:22:33,012 [INFO] app [setup_logging:39]: Logging initialized (file=crm.log, debug=False)
2026-05-31 13:22:37,149 [INFO] app [setup_logging:39]: Logging initialized (file=crm.log, debug=False)
2026-05-31 13:22:38,014 [INFO] app [setup_logging:39]: Logging initialized (file=crm.log, debug=False)
2026-05-31 13:22:41,371 [INFO] app [setup_logging:39]: Logging initialized (file=crm.log, debug=False)
2026-05-31 13:22:44,124 [INFO] app [setup_logging:39]: Logging initialized (file=crm.log, debug=False)
2026-05-31 13:22:45,606 [INFO] app [setup_logging:39]: Logging initialized (file=crm.log, debug=False)
2026-05-31 13:22:49,897 [INFO] app [setup_logging:39]: Logging initialized (file=crm.log, debug=False)
2026-05-31 13:22:50,685 [INFO] app [setup_logging:39]: Logging initialized (file=crm.log, debug=False)
2026-05-31 13:22:54,391 [INFO] app [setup_logging:39]: Logging initialized (file=crm.log, debug=False)
2026-05-31 13:22:56,864 [INFO] app [setup_logging:39]: Logging initialized (file=crm.log, debug=False)
2026-05-31 13:22:58,625 [INFO] app [setup_logging:39]: Logging initialized (file=crm.log, debug=False)
2026-05-31 13:23:02,937 [INFO] app [setup_logging:39]: Logging initialized (file=crm.log, debug=False)
2026-05-31 13:23:02,943 [INFO] app [setup_logging:39]: Logging initialized (file=crm.log, debug=False)
2026-05-31 13:23:07,387 [INFO] app [setup_logging:39]: Logging initialized (file=crm.log, debug=False)
2026-05-31 13:23:09,134 [INFO] app [setup_logging:39]: Logging initialized (file=crm.log, debug=False)
2026-05-31 13:23:11,634 [INFO] app [setup_logging:39]: Logging initialized (file=crm.log, debug=False)
2026-05-31 13:23:15,365 [INFO] app [setup_logging:39]: Logging initialized (file=crm.log, debug=False)
2026-05-31 13:23:16,046 [INFO] app [setup_logging:39]: Logging initialized (file=crm.log, debug=False)
2026-05-31 13:23:20,107 [INFO] app [setup_logging:39]: Logging initialized (file=crm.log, debug=False)
2026-05-31 13:23:21,636 [INFO] app [setup_logging:39]: Logging initialized (file=crm.log, debug=False)
